Build started 2016-10-19 17:17:51.
     1>Project "C:\Users\kacper\repo\rekrutacjaKacperPrzezak\rekrutacjaKacperPrzezak\rekrutacjaKacperPrzezak.vcxproj" on node 2 (build target(s)).
     1>InitializeBuildStatus:
         Touching "Debug\rekrutacjaKacperPrzezak.unsuccessfulbuild".
       ClCompile:
         C:\Program Files (x86)\Microsoft Visual Studio 10.0\VC\bin\CL.exe /c /ZI /nologo /W3 /WX- /Od /Oy- /D WIN32 /D _DEBUG /D _CONSOLE /D _UNICODE /D UNICODE /Gm /EHsc /RTC1 /MDd /GS /fp:precise /Zc:wchar_t /Zc:forScope /Yc"StdAfx.h" /Fp"Debug\rekrutacjaKacperPrzezak.pch" /Fo"Debug\\" /Fd"Debug\vc100.pdb" /Gd /TP /analyze- /errorReport:prompt stdafx.cpp
         stdafx.cpp
         C:\Program Files (x86)\Microsoft Visual Studio 10.0\VC\bin\CL.exe /c /ZI /nologo /W3 /WX- /Od /Oy- /D WIN32 /D _DEBUG /D _CONSOLE /D _UNICODE /D UNICODE /Gm /EHsc /RTC1 /MDd /GS /fp:precise /Zc:wchar_t /Zc:forScope /Yu"StdAfx.h" /Fp"Debug\rekrutacjaKacperPrzezak.pch" /Fo"Debug\\" /Fd"Debug\vc100.pdb" /Gd /TP /analyze- /errorReport:prompt rekrutacjaKacperPrzezak.cpp
         rekrutacjaKacperPrzezak.cpp
     1>c:\users\kacper\repo\rekrutacjakacperprzezak\rekrutacjakacperprzezak\rekrutacjakacperprzezak.cpp(58): warning C4244: 'argument' : conversion from 'time_t' to 'unsigned int', possible loss of data
     1>c:\users\kacper\repo\rekrutacjakacperprzezak\rekrutacjakacperprzezak\rekrutacjakacperprzezak.cpp(74): warning C4018: '<' : signed/unsigned mismatch
     1>c:\users\kacper\repo\rekrutacjakacperprzezak\rekrutacjakacperprzezak\rekrutacjakacperprzezak.cpp(86): warning C4018: '<' : signed/unsigned mismatch
     1>c:\users\kacper\repo\rekrutacjakacperprzezak\rekrutacjakacperprzezak\rekrutacjakacperprzezak.cpp(97): warning C4018: '<' : signed/unsigned mismatch
     1>c:\users\kacper\repo\rekrutacjakacperprzezak\rekrutacjakacperprzezak\rekrutacjakacperprzezak.cpp(110): warning C4018: '<' : signed/unsigned mismatch
     1>c:\users\kacper\repo\rekrutacjakacperprzezak\rekrutacjakacperprzezak\rekrutacjakacperprzezak.cpp(123): warning C4018: '<' : signed/unsigned mismatch
     1>c:\users\kacper\repo\rekrutacjakacperprzezak\rekrutacjakacperprzezak\rekrutacjakacperprzezak.cpp(145): warning C4018: '>' : signed/unsigned mismatch
     1>c:\users\kacper\repo\rekrutacjakacperprzezak\rekrutacjakacperprzezak\rekrutacjakacperprzezak.cpp(152): warning C4018: '<=' : signed/unsigned mismatch
     1>c:\users\kacper\repo\rekrutacjakacperprzezak\rekrutacjakacperprzezak\rekrutacjakacperprzezak.cpp(170): warning C4018: '<' : signed/unsigned mismatch
     1>c:\users\kacper\repo\rekrutacjakacperprzezak\rekrutacjakacperprzezak\rekrutacjakacperprzezak.cpp(172): warning C4018: '>' : signed/unsigned mismatch
     1>c:\users\kacper\repo\rekrutacjakacperprzezak\rekrutacjakacperprzezak\rekrutacjakacperprzezak.cpp(179): warning C4018: '<=' : signed/unsigned mismatch
     1>c:\users\kacper\repo\rekrutacjakacperprzezak\rekrutacjakacperprzezak\rekrutacjakacperprzezak.cpp(197): warning C4018: '<' : signed/unsigned mismatch
     1>c:\users\kacper\repo\rekrutacjakacperprzezak\rekrutacjakacperprzezak\rekrutacjakacperprzezak.cpp(214): warning C4018: '<' : signed/unsigned mismatch
       Link:
         C:\Program Files (x86)\Microsoft Visual Studio 10.0\VC\bin\link.exe /ERRORREPORT:PROMPT /OUT:"C:\Users\kacper\repo\rekrutacjaKacperPrzezak\Debug\rekrutacjaKacperPrzezak.exe" /INCREMENTAL:NO /NOLOGO kernel32.lib user32.lib gdi32.lib winspool.lib comdlg32.lib advapi32.lib shell32.lib ole32.lib oleaut32.lib uuid.lib odbc32.lib odbccp32.lib /MANIFEST /ManifestFile:"Debug\rekrutacjaKacperPrzezak.exe.intermediate.manifest" /MANIFESTUAC:"level='asInvoker' uiAccess='false'" /DEBUG /PDB:"C:\Users\kacper\repo\rekrutacjaKacperPrzezak\Debug\rekrutacjaKacperPrzezak.pdb" /SUBSYSTEM:CONSOLE /TLBID:1 /DYNAMICBASE /NXCOMPAT /IMPLIB:"C:\Users\kacper\repo\rekrutacjaKacperPrzezak\Debug\rekrutacjaKacperPrzezak.lib" /MACHINE:X86 Debug\rekrutacjaKacperPrzezak.obj
         Debug\stdafx.obj
     1>rekrutacjaKacperPrzezak.obj : warning LNK4075: ignoring '/EDITANDCONTINUE' due to '/INCREMENTAL:NO' specification
         rekrutacjaKacperPrzezak.vcxproj -> C:\Users\kacper\repo\rekrutacjaKacperPrzezak\Debug\rekrutacjaKacperPrzezak.exe
       Manifest:
         C:\Program Files (x86)\Microsoft SDKs\Windows\v7.0A\bin\mt.exe /nologo /verbose /outputresource:"C:\Users\kacper\repo\rekrutacjaKacperPrzezak\Debug\rekrutacjaKacperPrzezak.exe;#1" /manifest Debug\rekrutacjaKacperPrzezak.exe.intermediate.manifest
       FinalizeBuildStatus:
         Deleting file "Debug\rekrutacjaKacperPrzezak.unsuccessfulbuild".
         Touching "Debug\rekrutacjaKacperPrzezak.lastbuildstate".
     1>Done Building Project "C:\Users\kacper\repo\rekrutacjaKacperPrzezak\rekrutacjaKacperPrzezak\rekrutacjaKacperPrzezak.vcxproj" (build target(s)).

Build succeeded.

Time Elapsed 00:00:00.94
